Detecting C [-std=c11] compiler features failed to compile with the following output:
Change Dir: /home/victor/Tarea/Laboratorio/Ejerciocio#6/build/CMakeFiles/CMakeTmp

Run Build Command:"/usr/bin/make" "cmTC_3cd12/fast"
/usr/bin/make -f CMakeFiles/cmTC_3cd12.dir/build.make CMakeFiles/cmTC_3cd12.dir/build
make[1]: se entra en el directorio '/home/victor/Tarea/Laboratorio/Ejerciocio#6/build/CMakeFiles/CMakeTmp'
make[1]: *** No hay ninguna regla para construir el objetivo '/home/victor/Tarea/Laboratorio/Ejerciocio', necesario para 'CMakeFiles/cmTC_3cd12.dir/feature_tests.c.o'.  Alto.
make[1]: se sale del directorio '/home/victor/Tarea/Laboratorio/Ejerciocio#6/build/CMakeFiles/CMakeTmp'
Makefile:126: fallo en las instrucciones para el objetivo 'cmTC_3cd12/fast'
make: *** [cmTC_3cd12/fast] Error 2



Detecting CXX [-std=c++14] compiler features failed to compile with the following output:
Change Dir: /home/victor/Tarea/Laboratorio/Ejerciocio#6/build/CMakeFiles/CMakeTmp

Run Build Command:"/usr/bin/make" "cmTC_b8784/fast"
/usr/bin/make -f CMakeFiles/cmTC_b8784.dir/build.make CMakeFiles/cmTC_b8784.dir/build
make[1]: se entra en el directorio '/home/victor/Tarea/Laboratorio/Ejerciocio#6/build/CMakeFiles/CMakeTmp'
make[1]: *** No hay ninguna regla para construir el objetivo '/home/victor/Tarea/Laboratorio/Ejerciocio', necesario para 'CMakeFiles/cmTC_b8784.dir/feature_tests.cxx.o'.  Alto.
make[1]: se sale del directorio '/home/victor/Tarea/Laboratorio/Ejerciocio#6/build/CMakeFiles/CMakeTmp'
Makefile:126: fallo en las instrucciones para el objetivo 'cmTC_b8784/fast'
make: *** [cmTC_b8784/fast] Error 2



