Detecting C [-std=c11] compiler features failed to compile with the following output:
Change Dir: /home/victor/Tarea/Laboratorio/Ejercicio#4/build/CMakeFiles/CMakeTmp

Run Build Command:"/usr/bin/make" "cmTC_54242/fast"
/usr/bin/make -f CMakeFiles/cmTC_54242.dir/build.make CMakeFiles/cmTC_54242.dir/build
make[1]: se entra en el directorio '/home/victor/Tarea/Laboratorio/Ejercicio#4/build/CMakeFiles/CMakeTmp'
make[1]: *** No hay ninguna regla para construir el objetivo '/home/victor/Tarea/Laboratorio/Ejercicio', necesario para 'CMakeFiles/cmTC_54242.dir/feature_tests.c.o'.  Alto.
make[1]: se sale del directorio '/home/victor/Tarea/Laboratorio/Ejercicio#4/build/CMakeFiles/CMakeTmp'
Makefile:126: fallo en las instrucciones para el objetivo 'cmTC_54242/fast'
make: *** [cmTC_54242/fast] Error 2



Detecting CXX [-std=c++14] compiler features failed to compile with the following output:
Change Dir: /home/victor/Tarea/Laboratorio/Ejercicio#4/build/CMakeFiles/CMakeTmp

Run Build Command:"/usr/bin/make" "cmTC_d4214/fast"
/usr/bin/make -f CMakeFiles/cmTC_d4214.dir/build.make CMakeFiles/cmTC_d4214.dir/build
make[1]: se entra en el directorio '/home/victor/Tarea/Laboratorio/Ejercicio#4/build/CMakeFiles/CMakeTmp'
make[1]: *** No hay ninguna regla para construir el objetivo '/home/victor/Tarea/Laboratorio/Ejercicio', necesario para 'CMakeFiles/cmTC_d4214.dir/feature_tests.cxx.o'.  Alto.
make[1]: se sale del directorio '/home/victor/Tarea/Laboratorio/Ejercicio#4/build/CMakeFiles/CMakeTmp'
Makefile:126: fallo en las instrucciones para el objetivo 'cmTC_d4214/fast'
make: *** [cmTC_d4214/fast] Error 2



