Detecting C [-std=c11] compiler features failed to compile with the following output:
Change Dir: /home/victor/Tarea/Laboratorio/Ejercicio#3/build/CMakeFiles/CMakeTmp

Run Build Command:"/usr/bin/make" "cmTC_c8d41/fast"
/usr/bin/make -f CMakeFiles/cmTC_c8d41.dir/build.make CMakeFiles/cmTC_c8d41.dir/build
make[1]: se entra en el directorio '/home/victor/Tarea/Laboratorio/Ejercicio#3/build/CMakeFiles/CMakeTmp'
make[1]: *** No hay ninguna regla para construir el objetivo '/home/victor/Tarea/Laboratorio/Ejercicio', necesario para 'CMakeFiles/cmTC_c8d41.dir/feature_tests.c.o'.  Alto.
make[1]: se sale del directorio '/home/victor/Tarea/Laboratorio/Ejercicio#3/build/CMakeFiles/CMakeTmp'
Makefile:126: fallo en las instrucciones para el objetivo 'cmTC_c8d41/fast'
make: *** [cmTC_c8d41/fast] Error 2



Detecting CXX [-std=c++14] compiler features failed to compile with the following output:
Change Dir: /home/victor/Tarea/Laboratorio/Ejercicio#3/build/CMakeFiles/CMakeTmp

Run Build Command:"/usr/bin/make" "cmTC_d7321/fast"
/usr/bin/make -f CMakeFiles/cmTC_d7321.dir/build.make CMakeFiles/cmTC_d7321.dir/build
make[1]: se entra en el directorio '/home/victor/Tarea/Laboratorio/Ejercicio#3/build/CMakeFiles/CMakeTmp'
make[1]: *** No hay ninguna regla para construir el objetivo '/home/victor/Tarea/Laboratorio/Ejercicio', necesario para 'CMakeFiles/cmTC_d7321.dir/feature_tests.cxx.o'.  Alto.
make[1]: se sale del directorio '/home/victor/Tarea/Laboratorio/Ejercicio#3/build/CMakeFiles/CMakeTmp'
Makefile:126: fallo en las instrucciones para el objetivo 'cmTC_d7321/fast'
make: *** [cmTC_d7321/fast] Error 2



