Detecting C [-std=c11] compiler features failed to compile with the following output:
Change Dir: /home/victor/Tarea/Laboratorio/Ejercicio#2/build/CMakeFiles/CMakeTmp

Run Build Command:"/usr/bin/make" "cmTC_83e05/fast"
/usr/bin/make -f CMakeFiles/cmTC_83e05.dir/build.make CMakeFiles/cmTC_83e05.dir/build
make[1]: se entra en el directorio '/home/victor/Tarea/Laboratorio/Ejercicio#2/build/CMakeFiles/CMakeTmp'
make[1]: *** No hay ninguna regla para construir el objetivo '/home/victor/Tarea/Laboratorio/Ejercicio', necesario para 'CMakeFiles/cmTC_83e05.dir/feature_tests.c.o'.  Alto.
make[1]: se sale del directorio '/home/victor/Tarea/Laboratorio/Ejercicio#2/build/CMakeFiles/CMakeTmp'
Makefile:126: fallo en las instrucciones para el objetivo 'cmTC_83e05/fast'
make: *** [cmTC_83e05/fast] Error 2



Detecting CXX [-std=c++14] compiler features failed to compile with the following output:
Change Dir: /home/victor/Tarea/Laboratorio/Ejercicio#2/build/CMakeFiles/CMakeTmp

Run Build Command:"/usr/bin/make" "cmTC_af84e/fast"
/usr/bin/make -f CMakeFiles/cmTC_af84e.dir/build.make CMakeFiles/cmTC_af84e.dir/build
make[1]: se entra en el directorio '/home/victor/Tarea/Laboratorio/Ejercicio#2/build/CMakeFiles/CMakeTmp'
make[1]: *** No hay ninguna regla para construir el objetivo '/home/victor/Tarea/Laboratorio/Ejercicio', necesario para 'CMakeFiles/cmTC_af84e.dir/feature_tests.cxx.o'.  Alto.
make[1]: se sale del directorio '/home/victor/Tarea/Laboratorio/Ejercicio#2/build/CMakeFiles/CMakeTmp'
Makefile:126: fallo en las instrucciones para el objetivo 'cmTC_af84e/fast'
make: *** [cmTC_af84e/fast] Error 2



